0 info it worked if it ends with ok
1 verbose cli [ '/usr/bin/nodejs',
1 verbose cli   '/usr/bin/npm',
1 verbose cli   'install',
1 verbose cli   '--save',
1 verbose cli   'https://github.com/s-yadav/ImageViewer' ]
2 info using npm@3.10.10
3 info using node@v7.3.0
4 silly loadCurrentTree Starting
5 silly install loadCurrentTree
6 silly install readLocalPackageData
7 silly fetchPackageMetaData https://github.com/s-yadav/ImageViewer
8 silly fetchOtherPackageData https://github.com/s-yadav/ImageViewer
9 silly cache add args [ 'https://github.com/s-yadav/ImageViewer', null ]
10 verbose cache add spec https://github.com/s-yadav/ImageViewer
11 silly cache add parsed spec Result {
11 silly cache add   raw: 'https://github.com/s-yadav/ImageViewer',
11 silly cache add   scope: null,
11 silly cache add   escapedName: null,
11 silly cache add   name: null,
11 silly cache add   rawSpec: 'https://github.com/s-yadav/ImageViewer',
11 silly cache add   spec: 'git+https://github.com/s-yadav/ImageViewer.git',
11 silly cache add   type: 'hosted',
11 silly cache add   hosted:
11 silly cache add    { type: 'github',
11 silly cache add      ssh: 'git@github.com:s-yadav/ImageViewer.git',
11 silly cache add      sshUrl: 'git+ssh://git@github.com/s-yadav/ImageViewer.git',
11 silly cache add      httpsUrl: 'git+https://github.com/s-yadav/ImageViewer.git',
11 silly cache add      gitUrl: 'git://github.com/s-yadav/ImageViewer.git',
11 silly cache add      shortcut: 'github:s-yadav/ImageViewer',
11 silly cache add      directUrl: 'https://raw.githubusercontent.com/s-yadav/ImageViewer/master/package.json' } }
12 verbose addRemoteGit caching https://github.com/s-yadav/ImageViewer
13 verbose addRemoteGit git+https://github.com/s-yadav/ImageViewer.git is a repository hosted by github
14 silly tryClone cloning git+https://github.com/s-yadav/ImageViewer.git via git+https://github.com/s-yadav/ImageViewer.git
15 verbose tryClone git-https-github-com-s-yadav-ImageViewer-git-687b57ee not in flight; caching
16 verbose correctMkdir /home/oussama/.npm/_git-remotes correctMkdir not in flight; initializing
17 info git [ 'config', '--get', 'remote.origin.url' ]
18 silly validateExistingRemote git+https://github.com/s-yadav/ImageViewer.git remote.origin.url: https://github.com/s-yadav/ImageViewer.git
19 verbose validateExistingRemote git+https://github.com/s-yadav/ImageViewer.git is updating existing cached remote /home/oussama/.npm/_git-remotes/git-https-github-com-s-yadav-ImageViewer-git-687b57ee
20 info git [ 'fetch', '-a', 'origin' ]
21 verbose updateRemote git fetch -a origin (https://github.com/s-yadav/ImageViewer.git)
22 verbose correctMkdir /home/oussama/.npm/_git-remotes correctMkdir not in flight; initializing
23 verbose setPermissions git+https://github.com/s-yadav/ImageViewer.git set permissions on /home/oussama/.npm/_git-remotes/git-https-github-com-s-yadav-ImageViewer-git-687b57ee
24 verbose resolveHead git+https://github.com/s-yadav/ImageViewer.git original treeish: master
25 info git [ 'rev-list', '-n1', 'master' ]
26 silly resolveHead git+https://github.com/s-yadav/ImageViewer.git resolved treeish: 59175d199173fc5c89cddb7da181b39b8da58c2d
27 verbose resolveHead git+https://github.com/s-yadav/ImageViewer.git resolved Git URL: git+https://github.com/s-yadav/ImageViewer.git#59175d199173fc5c89cddb7da181b39b8da58c2d
28 silly resolveHead Git working directory: /tmp/npm-3770-d3543576/git-cache-e6777e5c/59175d199173fc5c89cddb7da181b39b8da58c2d
29 info git [ 'clone',
29 info git   '/home/oussama/.npm/_git-remotes/git-https-github-com-s-yadav-ImageViewer-git-687b57ee',
29 info git   '/tmp/npm-3770-d3543576/git-cache-e6777e5c/59175d199173fc5c89cddb7da181b39b8da58c2d' ]
30 verbose cloneResolved git+https://github.com/s-yadav/ImageViewer.git clone Cloning into '/tmp/npm-3770-d3543576/git-cache-e6777e5c/59175d199173fc5c89cddb7da181b39b8da58c2d'...
30 verbose cloneResolved done.
31 info git [ 'checkout', '59175d199173fc5c89cddb7da181b39b8da58c2d' ]
32 verbose checkoutTreeish git+https://github.com/s-yadav/ImageViewer.git checkout Note: checking out '59175d199173fc5c89cddb7da181b39b8da58c2d'.
32 verbose checkoutTreeish
32 verbose checkoutTreeish You are in 'detached HEAD' state. You can look around, make experimental
32 verbose checkoutTreeish changes and commit them, and you can discard any commits you make in this
32 verbose checkoutTreeish state without impacting any branches by performing another checkout.
32 verbose checkoutTreeish
32 verbose checkoutTreeish If you want to create a new branch to retain commits you create, you may
32 verbose checkoutTreeish do so (now or later) by using -b with the checkout command again. Example:
32 verbose checkoutTreeish
32 verbose checkoutTreeish   git checkout -b <new-branch-name>
32 verbose checkoutTreeish
32 verbose checkoutTreeish HEAD is now at 59175d1... Updated bower
33 info git [ 'submodule', '-q', 'update', '--init', '--recursive' ]
34 verbose updateSubmodules git+https://github.com/s-yadav/ImageViewer.git submodule update
35 error addLocal Could not install /tmp/npm-3770-d3543576/git-cache-e6777e5c/59175d199173fc5c89cddb7da181b39b8da58c2d
36 silly fetchPackageMetaData Error: EISDIR: illegal operation on a directory, read
36 silly fetchPackageMetaData  error for https://github.com/s-yadav/ImageViewer { Error: EISDIR: illegal operation on a directory, read errno: -21, code: 'EISDIR', syscall: 'read' }
37 silly rollbackFailedOptional Starting
38 silly rollbackFailedOptional Finishing
39 silly runTopLevelLifecycles Finishing
40 silly install printInstalled
41 verbose stack Error: EISDIR: illegal operation on a directory, read
42 verbose cwd /home/oussama/Desktop/wikia
43 error Linux 4.4.0-53-generic
44 error argv "/usr/bin/nodejs" "/usr/bin/npm" "install" "--save" "https://github.com/s-yadav/ImageViewer"
45 error node v7.3.0
46 error npm  v3.10.10
47 error code EISDIR
48 error errno -21
49 error syscall read
50 error eisdir EISDIR: illegal operation on a directory, read
51 error eisdir This is most likely not a problem with npm itself
51 error eisdir and is related to npm not being able to find a package.json in
51 error eisdir a package you are trying to install.
52 verbose exit [ -21, true ]
